Feb 21 2024 15:29:09
{"type":8192,"message":"Creation of dynamic property Nimble\\Sek_Nimble_Manager::$admin_option_tabs is deprecated","file":"\/Users\/pepic__ervin\/Documents\/Development\/Web_dev\/PHP_apps\/WordpressProjects\/opstinaRozaje\/wp-content\/plugins\/nimble-builder\/inc\/admin\/nb-options.php","line":155}

Feb 21 2024 15:29:10
{"type":8192,"message":"Creation of dynamic property Nimble\\Sek_Nimble_Manager::$admin_option_tabs is deprecated","file":"\/Users\/pepic__ervin\/Documents\/Development\/Web_dev\/PHP_apps\/WordpressProjects\/opstinaRozaje\/wp-content\/plugins\/nimble-builder\/inc\/admin\/nb-options.php","line":155}

Feb 21 2024 15:29:10
{"type":8192,"message":"Creation of dynamic property Nimble\\Sek_Nimble_Manager::$admin_option_tabs is deprecated","file":"\/Users\/pepic__ervin\/Documents\/Development\/Web_dev\/PHP_apps\/WordpressProjects\/opstinaRozaje\/wp-content\/plugins\/nimble-builder\/inc\/admin\/nb-options.php","line":155}

Feb 21 2024 15:29:10
{"type":8192,"message":"Creation of dynamic property Nimble\\Sek_Nimble_Manager::$admin_option_tabs is deprecated","file":"\/Users\/pepic__ervin\/Documents\/Development\/Web_dev\/PHP_apps\/WordpressProjects\/opstinaRozaje\/wp-content\/plugins\/nimble-builder\/inc\/admin\/nb-options.php","line":155}

Feb 21 2024 15:29:10
{"type":8192,"message":"Creation of dynamic property Nimble\\Sek_Nimble_Manager::$admin_option_tabs is deprecated","file":"\/Users\/pepic__ervin\/Documents\/Development\/Web_dev\/PHP_apps\/WordpressProjects\/opstinaRozaje\/wp-content\/plugins\/nimble-builder\/inc\/admin\/nb-options.php","line":155}

Feb 21 2024 15:29:10
{"type":8192,"message":"Creation of dynamic property Nimble\\Sek_Nimble_Manager::$admin_option_tabs is deprecated","file":"\/Users\/pepic__ervin\/Documents\/Development\/Web_dev\/PHP_apps\/WordpressProjects\/opstinaRozaje\/wp-content\/plugins\/nimble-builder\/inc\/admin\/nb-options.php","line":155}

Feb 21 2024 15:29:10
{"type":8192,"message":"Creation of dynamic property Nimble\\Sek_Nimble_Manager::$admin_option_tabs is deprecated","file":"\/Users\/pepic__ervin\/Documents\/Development\/Web_dev\/PHP_apps\/WordpressProjects\/opstinaRozaje\/wp-content\/plugins\/nimble-builder\/inc\/admin\/nb-options.php","line":155}

Feb 21 2024 15:29:10
{"type":8192,"message":"Creation of dynamic property Nimble\\Sek_Nimble_Manager::$admin_option_tabs is deprecated","file":"\/Users\/pepic__ervin\/Documents\/Development\/Web_dev\/PHP_apps\/WordpressProjects\/opstinaRozaje\/wp-content\/plugins\/nimble-builder\/inc\/admin\/nb-options.php","line":155}

Feb 21 2024 15:29:10
{"type":8192,"message":"Creation of dynamic property Nimble\\Sek_Nimble_Manager::$admin_option_tabs is deprecated","file":"\/Users\/pepic__ervin\/Documents\/Development\/Web_dev\/PHP_apps\/WordpressProjects\/opstinaRozaje\/wp-content\/plugins\/nimble-builder\/inc\/admin\/nb-options.php","line":155}

Feb 21 2024 15:29:10
{"type":8192,"message":"Creation of dynamic property Nimble\\Sek_Nimble_Manager::$admin_option_tabs is deprecated","file":"\/Users\/pepic__ervin\/Documents\/Development\/Web_dev\/PHP_apps\/WordpressProjects\/opstinaRozaje\/wp-content\/plugins\/nimble-builder\/inc\/admin\/nb-options.php","line":155}

Feb 21 2024 15:29:10
{"type":8192,"message":"Creation of dynamic property Nimble\\Sek_Nimble_Manager::$admin_option_tabs is deprecated","file":"\/Users\/pepic__ervin\/Documents\/Development\/Web_dev\/PHP_apps\/WordpressProjects\/opstinaRozaje\/wp-content\/plugins\/nimble-builder\/inc\/admin\/nb-options.php","line":155}

Feb 21 2024 15:29:11
{"type":8192,"message":"Creation of dynamic property Nimble\\Sek_Nimble_Manager::$admin_option_tabs is deprecated","file":"\/Users\/pepic__ervin\/Documents\/Development\/Web_dev\/PHP_apps\/WordpressProjects\/opstinaRozaje\/wp-content\/plugins\/nimble-builder\/inc\/admin\/nb-options.php","line":155}

Feb 21 2024 15:29:11
{"type":8192,"message":"Creation of dynamic property Nimble\\Sek_Nimble_Manager::$admin_option_tabs is deprecated","file":"\/Users\/pepic__ervin\/Documents\/Development\/Web_dev\/PHP_apps\/WordpressProjects\/opstinaRozaje\/wp-content\/plugins\/nimble-builder\/inc\/admin\/nb-options.php","line":155}

Feb 21 2024 15:29:11
{"type":8192,"message":"Creation of dynamic property Nimble\\Sek_Nimble_Manager::$admin_option_tabs is deprecated","file":"\/Users\/pepic__ervin\/Documents\/Development\/Web_dev\/PHP_apps\/WordpressProjects\/opstinaRozaje\/wp-content\/plugins\/nimble-builder\/inc\/admin\/nb-options.php","line":155}

Feb 21 2024 15:29:11
{"type":8192,"message":"Creation of dynamic property Nimble\\Sek_Nimble_Manager::$admin_option_tabs is deprecated","file":"\/Users\/pepic__ervin\/Documents\/Development\/Web_dev\/PHP_apps\/WordpressProjects\/opstinaRozaje\/wp-content\/plugins\/nimble-builder\/inc\/admin\/nb-options.php","line":155}

Feb 21 2024 15:29:11
{"type":8192,"message":"Creation of dynamic property Nimble\\Sek_Nimble_Manager::$admin_option_tabs is deprecated","file":"\/Users\/pepic__ervin\/Documents\/Development\/Web_dev\/PHP_apps\/WordpressProjects\/opstinaRozaje\/wp-content\/plugins\/nimble-builder\/inc\/admin\/nb-options.php","line":155}

Feb 21 2024 15:29:11
{"type":8192,"message":"Creation of dynamic property Nimble\\Sek_Nimble_Manager::$admin_option_tabs is deprecated","file":"\/Users\/pepic__ervin\/Documents\/Development\/Web_dev\/PHP_apps\/WordpressProjects\/opstinaRozaje\/wp-content\/plugins\/nimble-builder\/inc\/admin\/nb-options.php","line":155}

Feb 21 2024 15:29:11
{"type":8192,"message":"Creation of dynamic property Nimble\\Sek_Nimble_Manager::$admin_option_tabs is deprecated","file":"\/Users\/pepic__ervin\/Documents\/Development\/Web_dev\/PHP_apps\/WordpressProjects\/opstinaRozaje\/wp-content\/plugins\/nimble-builder\/inc\/admin\/nb-options.php","line":155}

Feb 21 2024 15:29:11
{"type":8192,"message":"Creation of dynamic property Nimble\\Sek_Nimble_Manager::$admin_option_tabs is deprecated","file":"\/Users\/pepic__ervin\/Documents\/Development\/Web_dev\/PHP_apps\/WordpressProjects\/opstinaRozaje\/wp-content\/plugins\/nimble-builder\/inc\/admin\/nb-options.php","line":155}

Feb 21 2024 15:29:11
{"type":8192,"message":"Creation of dynamic property Nimble\\Sek_Nimble_Manager::$admin_option_tabs is deprecated","file":"\/Users\/pepic__ervin\/Documents\/Development\/Web_dev\/PHP_apps\/WordpressProjects\/opstinaRozaje\/wp-content\/plugins\/nimble-builder\/inc\/admin\/nb-options.php","line":155}

Feb 21 2024 15:29:11
{"type":8192,"message":"Creation of dynamic property Nimble\\Sek_Nimble_Manager::$admin_option_tabs is deprecated","file":"\/Users\/pepic__ervin\/Documents\/Development\/Web_dev\/PHP_apps\/WordpressProjects\/opstinaRozaje\/wp-content\/plugins\/nimble-builder\/inc\/admin\/nb-options.php","line":155}

Feb 21 2024 15:29:11
{"type":8192,"message":"Creation of dynamic property Nimble\\Sek_Nimble_Manager::$admin_option_tabs is deprecated","file":"\/Users\/pepic__ervin\/Documents\/Development\/Web_dev\/PHP_apps\/WordpressProjects\/opstinaRozaje\/wp-content\/plugins\/nimble-builder\/inc\/admin\/nb-options.php","line":155}

Feb 21 2024 15:29:12
{"type":8192,"message":"Creation of dynamic property Nimble\\Sek_Nimble_Manager::$admin_option_tabs is deprecated","file":"\/Users\/pepic__ervin\/Documents\/Development\/Web_dev\/PHP_apps\/WordpressProjects\/opstinaRozaje\/wp-content\/plugins\/nimble-builder\/inc\/admin\/nb-options.php","line":155}

Feb 21 2024 15:29:12
{"type":8192,"message":"Creation of dynamic property Nimble\\Sek_Nimble_Manager::$admin_option_tabs is deprecated","file":"\/Users\/pepic__ervin\/Documents\/Development\/Web_dev\/PHP_apps\/WordpressProjects\/opstinaRozaje\/wp-content\/plugins\/nimble-builder\/inc\/admin\/nb-options.php","line":155}

Feb 21 2024 15:29:12
{"type":8192,"message":"Creation of dynamic property Nimble\\Sek_Nimble_Manager::$admin_option_tabs is deprecated","file":"\/Users\/pepic__ervin\/Documents\/Development\/Web_dev\/PHP_apps\/WordpressProjects\/opstinaRozaje\/wp-content\/plugins\/nimble-builder\/inc\/admin\/nb-options.php","line":155}

Feb 21 2024 15:29:12
{"type":8192,"message":"Creation of dynamic property Nimble\\Sek_Nimble_Manager::$admin_option_tabs is deprecated","file":"\/Users\/pepic__ervin\/Documents\/Development\/Web_dev\/PHP_apps\/WordpressProjects\/opstinaRozaje\/wp-content\/plugins\/nimble-builder\/inc\/admin\/nb-options.php","line":155}

Feb 21 2024 15:29:12
{"type":8192,"message":"Creation of dynamic property Nimble\\Sek_Nimble_Manager::$admin_option_tabs is deprecated","file":"\/Users\/pepic__ervin\/Documents\/Development\/Web_dev\/PHP_apps\/WordpressProjects\/opstinaRozaje\/wp-content\/plugins\/nimble-builder\/inc\/admin\/nb-options.php","line":155}

Feb 21 2024 15:29:12
{"type":8192,"message":"Creation of dynamic property Nimble\\Sek_Nimble_Manager::$admin_option_tabs is deprecated","file":"\/Users\/pepic__ervin\/Documents\/Development\/Web_dev\/PHP_apps\/WordpressProjects\/opstinaRozaje\/wp-content\/plugins\/nimble-builder\/inc\/admin\/nb-options.php","line":155}

Feb 21 2024 15:29:12
{"type":8192,"message":"Creation of dynamic property Nimble\\Sek_Nimble_Manager::$admin_option_tabs is deprecated","file":"\/Users\/pepic__ervin\/Documents\/Development\/Web_dev\/PHP_apps\/WordpressProjects\/opstinaRozaje\/wp-content\/plugins\/nimble-builder\/inc\/admin\/nb-options.php","line":155}

Feb 21 2024 15:29:12
{"type":8192,"message":"Creation of dynamic property Nimble\\Sek_Nimble_Manager::$admin_option_tabs is deprecated","file":"\/Users\/pepic__ervin\/Documents\/Development\/Web_dev\/PHP_apps\/WordpressProjects\/opstinaRozaje\/wp-content\/plugins\/nimble-builder\/inc\/admin\/nb-options.php","line":155}

Feb 21 2024 15:29:12
{"type":8192,"message":"Creation of dynamic property Nimble\\Sek_Nimble_Manager::$admin_option_tabs is deprecated","file":"\/Users\/pepic__ervin\/Documents\/Development\/Web_dev\/PHP_apps\/WordpressProjects\/opstinaRozaje\/wp-content\/plugins\/nimble-builder\/inc\/admin\/nb-options.php","line":155}

Feb 21 2024 15:29:12
{"type":8192,"message":"Creation of dynamic property Nimble\\Sek_Nimble_Manager::$admin_option_tabs is deprecated","file":"\/Users\/pepic__ervin\/Documents\/Development\/Web_dev\/PHP_apps\/WordpressProjects\/opstinaRozaje\/wp-content\/plugins\/nimble-builder\/inc\/admin\/nb-options.php","line":155}

Feb 21 2024 15:29:12
{"type":8192,"message":"Creation of dynamic property Nimble\\Sek_Nimble_Manager::$admin_option_tabs is deprecated","file":"\/Users\/pepic__ervin\/Documents\/Development\/Web_dev\/PHP_apps\/WordpressProjects\/opstinaRozaje\/wp-content\/plugins\/nimble-builder\/inc\/admin\/nb-options.php","line":155}

Feb 21 2024 15:29:13
{"type":8192,"message":"Creation of dynamic property Nimble\\Sek_Nimble_Manager::$admin_option_tabs is deprecated","file":"\/Users\/pepic__ervin\/Documents\/Development\/Web_dev\/PHP_apps\/WordpressProjects\/opstinaRozaje\/wp-content\/plugins\/nimble-builder\/inc\/admin\/nb-options.php","line":155}

Feb 21 2024 15:29:13
{"type":8192,"message":"Creation of dynamic property Nimble\\Sek_Nimble_Manager::$admin_option_tabs is deprecated","file":"\/Users\/pepic__ervin\/Documents\/Development\/Web_dev\/PHP_apps\/WordpressProjects\/opstinaRozaje\/wp-content\/plugins\/nimble-builder\/inc\/admin\/nb-options.php","line":155}

Feb 21 2024 15:29:13
{"type":8192,"message":"Creation of dynamic property Nimble\\Sek_Nimble_Manager::$admin_option_tabs is deprecated","file":"\/Users\/pepic__ervin\/Documents\/Development\/Web_dev\/PHP_apps\/WordpressProjects\/opstinaRozaje\/wp-content\/plugins\/nimble-builder\/inc\/admin\/nb-options.php","line":155}

Feb 21 2024 15:29:13
{"type":8192,"message":"Creation of dynamic property Nimble\\Sek_Nimble_Manager::$admin_option_tabs is deprecated","file":"\/Users\/pepic__ervin\/Documents\/Development\/Web_dev\/PHP_apps\/WordpressProjects\/opstinaRozaje\/wp-content\/plugins\/nimble-builder\/inc\/admin\/nb-options.php","line":155}

Feb 21 2024 15:29:13
{"type":8192,"message":"Creation of dynamic property Nimble\\Sek_Nimble_Manager::$admin_option_tabs is deprecated","file":"\/Users\/pepic__ervin\/Documents\/Development\/Web_dev\/PHP_apps\/WordpressProjects\/opstinaRozaje\/wp-content\/plugins\/nimble-builder\/inc\/admin\/nb-options.php","line":155}

Feb 21 2024 15:29:13
{"type":8192,"message":"Creation of dynamic property Nimble\\Sek_Nimble_Manager::$admin_option_tabs is deprecated","file":"\/Users\/pepic__ervin\/Documents\/Development\/Web_dev\/PHP_apps\/WordpressProjects\/opstinaRozaje\/wp-content\/plugins\/nimble-builder\/inc\/admin\/nb-options.php","line":155}

Feb 21 2024 15:29:13
{"type":8192,"message":"Creation of dynamic property Nimble\\Sek_Nimble_Manager::$admin_option_tabs is deprecated","file":"\/Users\/pepic__ervin\/Documents\/Development\/Web_dev\/PHP_apps\/WordpressProjects\/opstinaRozaje\/wp-content\/plugins\/nimble-builder\/inc\/admin\/nb-options.php","line":155}

Feb 21 2024 15:29:13
{"type":8192,"message":"Creation of dynamic property Nimble\\Sek_Nimble_Manager::$admin_option_tabs is deprecated","file":"\/Users\/pepic__ervin\/Documents\/Development\/Web_dev\/PHP_apps\/WordpressProjects\/opstinaRozaje\/wp-content\/plugins\/nimble-builder\/inc\/admin\/nb-options.php","line":155}

Feb 21 2024 15:29:13
{"type":8192,"message":"Creation of dynamic property Nimble\\Sek_Nimble_Manager::$admin_option_tabs is deprecated","file":"\/Users\/pepic__ervin\/Documents\/Development\/Web_dev\/PHP_apps\/WordpressProjects\/opstinaRozaje\/wp-content\/plugins\/nimble-builder\/inc\/admin\/nb-options.php","line":155}

Feb 21 2024 15:29:13
{"type":8192,"message":"Creation of dynamic property Nimble\\Sek_Nimble_Manager::$admin_option_tabs is deprecated","file":"\/Users\/pepic__ervin\/Documents\/Development\/Web_dev\/PHP_apps\/WordpressProjects\/opstinaRozaje\/wp-content\/plugins\/nimble-builder\/inc\/admin\/nb-options.php","line":155}

Feb 21 2024 15:29:13
{"type":8192,"message":"Creation of dynamic property Nimble\\Sek_Nimble_Manager::$admin_option_tabs is deprecated","file":"\/Users\/pepic__ervin\/Documents\/Development\/Web_dev\/PHP_apps\/WordpressProjects\/opstinaRozaje\/wp-content\/plugins\/nimble-builder\/inc\/admin\/nb-options.php","line":155}

Feb 21 2024 15:29:14
{"type":8192,"message":"Creation of dynamic property Nimble\\Sek_Nimble_Manager::$admin_option_tabs is deprecated","file":"\/Users\/pepic__ervin\/Documents\/Development\/Web_dev\/PHP_apps\/WordpressProjects\/opstinaRozaje\/wp-content\/plugins\/nimble-builder\/inc\/admin\/nb-options.php","line":155}

Feb 21 2024 15:29:14
{"type":8192,"message":"Creation of dynamic property Nimble\\Sek_Nimble_Manager::$admin_option_tabs is deprecated","file":"\/Users\/pepic__ervin\/Documents\/Development\/Web_dev\/PHP_apps\/WordpressProjects\/opstinaRozaje\/wp-content\/plugins\/nimble-builder\/inc\/admin\/nb-options.php","line":155}

Feb 21 2024 15:29:18
{"type":8192,"message":"Creation of dynamic property Nimble\\Sek_Nimble_Manager::$admin_option_tabs is deprecated","file":"\/Users\/pepic__ervin\/Documents\/Development\/Web_dev\/PHP_apps\/WordpressProjects\/opstinaRozaje\/wp-content\/plugins\/nimble-builder\/inc\/admin\/nb-options.php","line":155}

Feb 21 2024 15:29:18
{"type":8192,"message":"Creation of dynamic property Nimble\\Sek_Nimble_Manager::$admin_option_tabs is deprecated","file":"\/Users\/pepic__ervin\/Documents\/Development\/Web_dev\/PHP_apps\/WordpressProjects\/opstinaRozaje\/wp-content\/plugins\/nimble-builder\/inc\/admin\/nb-options.php","line":155}

Feb 21 2024 15:29:19
{"type":8192,"message":"Creation of dynamic property Nimble\\Sek_Nimble_Manager::$admin_option_tabs is deprecated","file":"\/Users\/pepic__ervin\/Documents\/Development\/Web_dev\/PHP_apps\/WordpressProjects\/opstinaRozaje\/wp-content\/plugins\/nimble-builder\/inc\/admin\/nb-options.php","line":155}

Feb 21 2024 15:29:19
{"type":8192,"message":"Creation of dynamic property Nimble\\Sek_Nimble_Manager::$admin_option_tabs is deprecated","file":"\/Users\/pepic__ervin\/Documents\/Development\/Web_dev\/PHP_apps\/WordpressProjects\/opstinaRozaje\/wp-content\/plugins\/nimble-builder\/inc\/admin\/nb-options.php","line":155}

Feb 21 2024 15:29:19
{"Number":8192,"Message":"rtrim(): Passing null to parameter #1 ($string) of type string is deprecated","File":"\/Users\/pepic__ervin\/Documents\/Development\/Web_dev\/PHP_apps\/WordpressProjects\/opstinaRozaje\/wp-includes\/formatting.php","Line":2827}

Feb 21 2024 15:29:19
{"Number":8192,"Message":"rtrim(): Passing null to parameter #1 ($string) of type string is deprecated","File":"\/Users\/pepic__ervin\/Documents\/Development\/Web_dev\/PHP_apps\/WordpressProjects\/opstinaRozaje\/wp-includes\/formatting.php","Line":2827}

Feb 21 2024 15:29:19
{"Number":8192,"Message":"rtrim(): Passing null to parameter #1 ($string) of type string is deprecated","File":"\/Users\/pepic__ervin\/Documents\/Development\/Web_dev\/PHP_apps\/WordpressProjects\/opstinaRozaje\/wp-includes\/formatting.php","Line":2827}

Feb 21 2024 15:29:19
{"Number":8192,"Message":"rtrim(): Passing null to parameter #1 ($string) of type string is deprecated","File":"\/Users\/pepic__ervin\/Documents\/Development\/Web_dev\/PHP_apps\/WordpressProjects\/opstinaRozaje\/wp-includes\/formatting.php","Line":2827}

Feb 21 2024 15:29:19
{"Number":8192,"Message":"rtrim(): Passing null to parameter #1 ($string) of type string is deprecated","File":"\/Users\/pepic__ervin\/Documents\/Development\/Web_dev\/PHP_apps\/WordpressProjects\/opstinaRozaje\/wp-includes\/formatting.php","Line":2827}

Feb 21 2024 15:29:19
{"Number":8192,"Message":"rtrim(): Passing null to parameter #1 ($string) of type string is deprecated","File":"\/Users\/pepic__ervin\/Documents\/Development\/Web_dev\/PHP_apps\/WordpressProjects\/opstinaRozaje\/wp-includes\/formatting.php","Line":2827}

Feb 21 2024 15:29:19
{"Number":8192,"Message":"rtrim(): Passing null to parameter #1 ($string) of type string is deprecated","File":"\/Users\/pepic__ervin\/Documents\/Development\/Web_dev\/PHP_apps\/WordpressProjects\/opstinaRozaje\/wp-includes\/formatting.php","Line":2827}

Feb 21 2024 15:29:19
{"Number":8192,"Message":"rtrim(): Passing null to parameter #1 ($string) of type string is deprecated","File":"\/Users\/pepic__ervin\/Documents\/Development\/Web_dev\/PHP_apps\/WordpressProjects\/opstinaRozaje\/wp-includes\/formatting.php","Line":2827}

Feb 21 2024 15:29:19
{"Number":8192,"Message":"rtrim(): Passing null to parameter #1 ($string) of type string is deprecated","File":"\/Users\/pepic__ervin\/Documents\/Development\/Web_dev\/PHP_apps\/WordpressProjects\/opstinaRozaje\/wp-includes\/formatting.php","Line":2827}

Feb 21 2024 15:29:19
{"Number":8192,"Message":"rtrim(): Passing null to parameter #1 ($string) of type string is deprecated","File":"\/Users\/pepic__ervin\/Documents\/Development\/Web_dev\/PHP_apps\/WordpressProjects\/opstinaRozaje\/wp-includes\/formatting.php","Line":2827}

Feb 21 2024 15:29:19
{"Number":8192,"Message":"rtrim(): Passing null to parameter #1 ($string) of type string is deprecated","File":"\/Users\/pepic__ervin\/Documents\/Development\/Web_dev\/PHP_apps\/WordpressProjects\/opstinaRozaje\/wp-includes\/formatting.php","Line":2827}

Feb 21 2024 15:29:19
{"Number":8192,"Message":"rtrim(): Passing null to parameter #1 ($string) of type string is deprecated","File":"\/Users\/pepic__ervin\/Documents\/Development\/Web_dev\/PHP_apps\/WordpressProjects\/opstinaRozaje\/wp-includes\/formatting.php","Line":2827}

Feb 21 2024 15:29:19
{"Number":8192,"Message":"rtrim(): Passing null to parameter #1 ($string) of type string is deprecated","File":"\/Users\/pepic__ervin\/Documents\/Development\/Web_dev\/PHP_apps\/WordpressProjects\/opstinaRozaje\/wp-includes\/formatting.php","Line":2827}

Feb 21 2024 15:29:19
{"Number":8192,"Message":"rtrim(): Passing null to parameter #1 ($string) of type string is deprecated","File":"\/Users\/pepic__ervin\/Documents\/Development\/Web_dev\/PHP_apps\/WordpressProjects\/opstinaRozaje\/wp-includes\/formatting.php","Line":2827}

Feb 21 2024 15:29:19
{"Number":8192,"Message":"rtrim(): Passing null to parameter #1 ($string) of type string is deprecated","File":"\/Users\/pepic__ervin\/Documents\/Development\/Web_dev\/PHP_apps\/WordpressProjects\/opstinaRozaje\/wp-includes\/formatting.php","Line":2827}

Feb 21 2024 15:29:19
{"Number":8192,"Message":"rtrim(): Passing null to parameter #1 ($string) of type string is deprecated","File":"\/Users\/pepic__ervin\/Documents\/Development\/Web_dev\/PHP_apps\/WordpressProjects\/opstinaRozaje\/wp-includes\/formatting.php","Line":2827}

Feb 21 2024 15:29:19
{"Number":8192,"Message":"rtrim(): Passing null to parameter #1 ($string) of type string is deprecated","File":"\/Users\/pepic__ervin\/Documents\/Development\/Web_dev\/PHP_apps\/WordpressProjects\/opstinaRozaje\/wp-includes\/formatting.php","Line":2827}

Feb 21 2024 15:29:19
{"Number":8192,"Message":"rtrim(): Passing null to parameter #1 ($string) of type string is deprecated","File":"\/Users\/pepic__ervin\/Documents\/Development\/Web_dev\/PHP_apps\/WordpressProjects\/opstinaRozaje\/wp-includes\/formatting.php","Line":2827}

Feb 21 2024 15:29:19
{"Number":8192,"Message":"rtrim(): Passing null to parameter #1 ($string) of type string is deprecated","File":"\/Users\/pepic__ervin\/Documents\/Development\/Web_dev\/PHP_apps\/WordpressProjects\/opstinaRozaje\/wp-includes\/formatting.php","Line":2827}

Feb 21 2024 15:29:19
{"Number":8192,"Message":"rtrim(): Passing null to parameter #1 ($string) of type string is deprecated","File":"\/Users\/pepic__ervin\/Documents\/Development\/Web_dev\/PHP_apps\/WordpressProjects\/opstinaRozaje\/wp-includes\/formatting.php","Line":2827}

Feb 21 2024 15:29:19
{"Number":8192,"Message":"rtrim(): Passing null to parameter #1 ($string) of type string is deprecated","File":"\/Users\/pepic__ervin\/Documents\/Development\/Web_dev\/PHP_apps\/WordpressProjects\/opstinaRozaje\/wp-includes\/formatting.php","Line":2827}

Feb 21 2024 15:29:19
{"Number":8192,"Message":"rtrim(): Passing null to parameter #1 ($string) of type string is deprecated","File":"\/Users\/pepic__ervin\/Documents\/Development\/Web_dev\/PHP_apps\/WordpressProjects\/opstinaRozaje\/wp-includes\/formatting.php","Line":2827}

Feb 21 2024 15:29:19
{"Number":8192,"Message":"rtrim(): Passing null to parameter #1 ($string) of type string is deprecated","File":"\/Users\/pepic__ervin\/Documents\/Development\/Web_dev\/PHP_apps\/WordpressProjects\/opstinaRozaje\/wp-includes\/formatting.php","Line":2827}

Feb 21 2024 15:29:19
{"Number":8192,"Message":"rtrim(): Passing null to parameter #1 ($string) of type string is deprecated","File":"\/Users\/pepic__ervin\/Documents\/Development\/Web_dev\/PHP_apps\/WordpressProjects\/opstinaRozaje\/wp-includes\/formatting.php","Line":2827}

Feb 21 2024 15:29:19
{"Number":8192,"Message":"rtrim(): Passing null to parameter #1 ($string) of type string is deprecated","File":"\/Users\/pepic__ervin\/Documents\/Development\/Web_dev\/PHP_apps\/WordpressProjects\/opstinaRozaje\/wp-includes\/formatting.php","Line":2827}

Feb 21 2024 15:29:19
{"Number":8192,"Message":"rtrim(): Passing null to parameter #1 ($string) of type string is deprecated","File":"\/Users\/pepic__ervin\/Documents\/Development\/Web_dev\/PHP_apps\/WordpressProjects\/opstinaRozaje\/wp-includes\/formatting.php","Line":2827}

Feb 21 2024 15:29:19
{"Number":8192,"Message":"rtrim(): Passing null to parameter #1 ($string) of type string is deprecated","File":"\/Users\/pepic__ervin\/Documents\/Development\/Web_dev\/PHP_apps\/WordpressProjects\/opstinaRozaje\/wp-includes\/formatting.php","Line":2827}

Feb 21 2024 15:29:19
{"Number":8192,"Message":"rtrim(): Passing null to parameter #1 ($string) of type string is deprecated","File":"\/Users\/pepic__ervin\/Documents\/Development\/Web_dev\/PHP_apps\/WordpressProjects\/opstinaRozaje\/wp-includes\/formatting.php","Line":2827}

Feb 21 2024 15:29:19
{"Number":8192,"Message":"rtrim(): Passing null to parameter #1 ($string) of type string is deprecated","File":"\/Users\/pepic__ervin\/Documents\/Development\/Web_dev\/PHP_apps\/WordpressProjects\/opstinaRozaje\/wp-includes\/formatting.php","Line":2827}

Feb 21 2024 15:29:19
{"Number":8192,"Message":"rtrim(): Passing null to parameter #1 ($string) of type string is deprecated","File":"\/Users\/pepic__ervin\/Documents\/Development\/Web_dev\/PHP_apps\/WordpressProjects\/opstinaRozaje\/wp-includes\/formatting.php","Line":2827}

Feb 21 2024 15:29:19
{"Number":8192,"Message":"rtrim(): Passing null to parameter #1 ($string) of type string is deprecated","File":"\/Users\/pepic__ervin\/Documents\/Development\/Web_dev\/PHP_apps\/WordpressProjects\/opstinaRozaje\/wp-includes\/formatting.php","Line":2827}

Feb 21 2024 15:29:19
{"Number":8192,"Message":"rtrim(): Passing null to parameter #1 ($string) of type string is deprecated","File":"\/Users\/pepic__ervin\/Documents\/Development\/Web_dev\/PHP_apps\/WordpressProjects\/opstinaRozaje\/wp-includes\/formatting.php","Line":2827}

Feb 21 2024 15:29:19
{"Number":8192,"Message":"rtrim(): Passing null to parameter #1 ($string) of type string is deprecated","File":"\/Users\/pepic__ervin\/Documents\/Development\/Web_dev\/PHP_apps\/WordpressProjects\/opstinaRozaje\/wp-includes\/formatting.php","Line":2827}

Feb 21 2024 15:29:19
{"Number":8192,"Message":"rtrim(): Passing null to parameter #1 ($string) of type string is deprecated","File":"\/Users\/pepic__ervin\/Documents\/Development\/Web_dev\/PHP_apps\/WordpressProjects\/opstinaRozaje\/wp-includes\/formatting.php","Line":2827}

Feb 21 2024 15:29:19
{"Number":8192,"Message":"rtrim(): Passing null to parameter #1 ($string) of type string is deprecated","File":"\/Users\/pepic__ervin\/Documents\/Development\/Web_dev\/PHP_apps\/WordpressProjects\/opstinaRozaje\/wp-includes\/formatting.php","Line":2827}

Feb 21 2024 15:29:19
{"Number":8192,"Message":"rtrim(): Passing null to parameter #1 ($string) of type string is deprecated","File":"\/Users\/pepic__ervin\/Documents\/Development\/Web_dev\/PHP_apps\/WordpressProjects\/opstinaRozaje\/wp-includes\/formatting.php","Line":2827}

Feb 21 2024 15:29:19
{"Number":8192,"Message":"Creation of dynamic property Ai1wm_Database_Mysqli::$old_replace_raw_values is deprecated","File":"\/Users\/pepic__ervin\/Documents\/Development\/Web_dev\/PHP_apps\/WordpressProjects\/opstinaRozaje\/wp-content\/plugins\/all-in-one-wp-migration\/lib\/vendor\/servmask\/database\/class-ai1wm-database.php","Line":300}

Feb 21 2024 15:29:19
{"Number":8192,"Message":"Creation of dynamic property Ai1wm_Database_Mysqli::$new_replace_raw_values is deprecated","File":"\/Users\/pepic__ervin\/Documents\/Development\/Web_dev\/PHP_apps\/WordpressProjects\/opstinaRozaje\/wp-content\/plugins\/all-in-one-wp-migration\/lib\/vendor\/servmask\/database\/class-ai1wm-database.php","Line":321}

Feb 21 2024 15:29:29
{"type":8192,"message":"Creation of dynamic property Nimble\\Sek_Nimble_Manager::$admin_option_tabs is deprecated","file":"\/Users\/pepic__ervin\/Documents\/Development\/Web_dev\/PHP_apps\/WordpressProjects\/opstinaRozaje\/wp-content\/plugins\/nimble-builder\/inc\/admin\/nb-options.php","line":155}

Feb 21 2024 15:29:29
{"Number":8192,"Message":"rtrim(): Passing null to parameter #1 ($string) of type string is deprecated","File":"\/Users\/pepic__ervin\/Documents\/Development\/Web_dev\/PHP_apps\/WordpressProjects\/opstinaRozaje\/wp-includes\/formatting.php","Line":2827}

Feb 21 2024 15:29:29
{"Number":8192,"Message":"rtrim(): Passing null to parameter #1 ($string) of type string is deprecated","File":"\/Users\/pepic__ervin\/Documents\/Development\/Web_dev\/PHP_apps\/WordpressProjects\/opstinaRozaje\/wp-includes\/formatting.php","Line":2827}

Feb 21 2024 15:29:29
{"Number":8192,"Message":"rtrim(): Passing null to parameter #1 ($string) of type string is deprecated","File":"\/Users\/pepic__ervin\/Documents\/Development\/Web_dev\/PHP_apps\/WordpressProjects\/opstinaRozaje\/wp-includes\/formatting.php","Line":2827}

Feb 21 2024 15:29:29
{"Number":8192,"Message":"rtrim(): Passing null to parameter #1 ($string) of type string is deprecated","File":"\/Users\/pepic__ervin\/Documents\/Development\/Web_dev\/PHP_apps\/WordpressProjects\/opstinaRozaje\/wp-includes\/formatting.php","Line":2827}

Feb 21 2024 15:29:29
{"Number":8192,"Message":"rtrim(): Passing null to parameter #1 ($string) of type string is deprecated","File":"\/Users\/pepic__ervin\/Documents\/Development\/Web_dev\/PHP_apps\/WordpressProjects\/opstinaRozaje\/wp-includes\/formatting.php","Line":2827}

Feb 21 2024 15:29:29
{"Number":8192,"Message":"rtrim(): Passing null to parameter #1 ($string) of type string is deprecated","File":"\/Users\/pepic__ervin\/Documents\/Development\/Web_dev\/PHP_apps\/WordpressProjects\/opstinaRozaje\/wp-includes\/formatting.php","Line":2827}

Feb 21 2024 15:29:29
{"Number":8192,"Message":"rtrim(): Passing null to parameter #1 ($string) of type string is deprecated","File":"\/Users\/pepic__ervin\/Documents\/Development\/Web_dev\/PHP_apps\/WordpressProjects\/opstinaRozaje\/wp-includes\/formatting.php","Line":2827}

Feb 21 2024 15:29:29
{"Number":8192,"Message":"rtrim(): Passing null to parameter #1 ($string) of type string is deprecated","File":"\/Users\/pepic__ervin\/Documents\/Development\/Web_dev\/PHP_apps\/WordpressProjects\/opstinaRozaje\/wp-includes\/formatting.php","Line":2827}

Feb 21 2024 15:29:29
{"Number":8192,"Message":"rtrim(): Passing null to parameter #1 ($string) of type string is deprecated","File":"\/Users\/pepic__ervin\/Documents\/Development\/Web_dev\/PHP_apps\/WordpressProjects\/opstinaRozaje\/wp-includes\/formatting.php","Line":2827}

Feb 21 2024 15:29:29
{"Number":8192,"Message":"rtrim(): Passing null to parameter #1 ($string) of type string is deprecated","File":"\/Users\/pepic__ervin\/Documents\/Development\/Web_dev\/PHP_apps\/WordpressProjects\/opstinaRozaje\/wp-includes\/formatting.php","Line":2827}

Feb 21 2024 15:29:29
{"Number":8192,"Message":"rtrim(): Passing null to parameter #1 ($string) of type string is deprecated","File":"\/Users\/pepic__ervin\/Documents\/Development\/Web_dev\/PHP_apps\/WordpressProjects\/opstinaRozaje\/wp-includes\/formatting.php","Line":2827}

Feb 21 2024 15:29:29
{"Number":8192,"Message":"rtrim(): Passing null to parameter #1 ($string) of type string is deprecated","File":"\/Users\/pepic__ervin\/Documents\/Development\/Web_dev\/PHP_apps\/WordpressProjects\/opstinaRozaje\/wp-includes\/formatting.php","Line":2827}

Feb 21 2024 15:29:29
{"Number":8192,"Message":"rtrim(): Passing null to parameter #1 ($string) of type string is deprecated","File":"\/Users\/pepic__ervin\/Documents\/Development\/Web_dev\/PHP_apps\/WordpressProjects\/opstinaRozaje\/wp-includes\/formatting.php","Line":2827}

Feb 21 2024 15:29:29
{"Number":8192,"Message":"rtrim(): Passing null to parameter #1 ($string) of type string is deprecated","File":"\/Users\/pepic__ervin\/Documents\/Development\/Web_dev\/PHP_apps\/WordpressProjects\/opstinaRozaje\/wp-includes\/formatting.php","Line":2827}

Feb 21 2024 15:29:29
{"Number":8192,"Message":"rtrim(): Passing null to parameter #1 ($string) of type string is deprecated","File":"\/Users\/pepic__ervin\/Documents\/Development\/Web_dev\/PHP_apps\/WordpressProjects\/opstinaRozaje\/wp-includes\/formatting.php","Line":2827}

Feb 21 2024 15:29:29
{"Number":8192,"Message":"rtrim(): Passing null to parameter #1 ($string) of type string is deprecated","File":"\/Users\/pepic__ervin\/Documents\/Development\/Web_dev\/PHP_apps\/WordpressProjects\/opstinaRozaje\/wp-includes\/formatting.php","Line":2827}

Feb 21 2024 15:29:29
{"Number":8192,"Message":"rtrim(): Passing null to parameter #1 ($string) of type string is deprecated","File":"\/Users\/pepic__ervin\/Documents\/Development\/Web_dev\/PHP_apps\/WordpressProjects\/opstinaRozaje\/wp-includes\/formatting.php","Line":2827}

Feb 21 2024 15:29:29
{"Number":8192,"Message":"rtrim(): Passing null to parameter #1 ($string) of type string is deprecated","File":"\/Users\/pepic__ervin\/Documents\/Development\/Web_dev\/PHP_apps\/WordpressProjects\/opstinaRozaje\/wp-includes\/formatting.php","Line":2827}

Feb 21 2024 15:29:29
{"Number":8192,"Message":"rtrim(): Passing null to parameter #1 ($string) of type string is deprecated","File":"\/Users\/pepic__ervin\/Documents\/Development\/Web_dev\/PHP_apps\/WordpressProjects\/opstinaRozaje\/wp-includes\/formatting.php","Line":2827}

Feb 21 2024 15:29:29
{"Number":8192,"Message":"rtrim(): Passing null to parameter #1 ($string) of type string is deprecated","File":"\/Users\/pepic__ervin\/Documents\/Development\/Web_dev\/PHP_apps\/WordpressProjects\/opstinaRozaje\/wp-includes\/formatting.php","Line":2827}

Feb 21 2024 15:29:29
{"Number":8192,"Message":"rtrim(): Passing null to parameter #1 ($string) of type string is deprecated","File":"\/Users\/pepic__ervin\/Documents\/Development\/Web_dev\/PHP_apps\/WordpressProjects\/opstinaRozaje\/wp-includes\/formatting.php","Line":2827}

Feb 21 2024 15:29:29
{"Number":8192,"Message":"rtrim(): Passing null to parameter #1 ($string) of type string is deprecated","File":"\/Users\/pepic__ervin\/Documents\/Development\/Web_dev\/PHP_apps\/WordpressProjects\/opstinaRozaje\/wp-includes\/formatting.php","Line":2827}

Feb 21 2024 15:29:29
{"Number":8192,"Message":"rtrim(): Passing null to parameter #1 ($string) of type string is deprecated","File":"\/Users\/pepic__ervin\/Documents\/Development\/Web_dev\/PHP_apps\/WordpressProjects\/opstinaRozaje\/wp-includes\/formatting.php","Line":2827}

Feb 21 2024 15:29:29
{"Number":8192,"Message":"rtrim(): Passing null to parameter #1 ($string) of type string is deprecated","File":"\/Users\/pepic__ervin\/Documents\/Development\/Web_dev\/PHP_apps\/WordpressProjects\/opstinaRozaje\/wp-includes\/formatting.php","Line":2827}

Feb 21 2024 15:29:29
{"Number":8192,"Message":"rtrim(): Passing null to parameter #1 ($string) of type string is deprecated","File":"\/Users\/pepic__ervin\/Documents\/Development\/Web_dev\/PHP_apps\/WordpressProjects\/opstinaRozaje\/wp-includes\/formatting.php","Line":2827}

Feb 21 2024 15:29:29
{"Number":8192,"Message":"rtrim(): Passing null to parameter #1 ($string) of type string is deprecated","File":"\/Users\/pepic__ervin\/Documents\/Development\/Web_dev\/PHP_apps\/WordpressProjects\/opstinaRozaje\/wp-includes\/formatting.php","Line":2827}

Feb 21 2024 15:29:29
{"Number":8192,"Message":"rtrim(): Passing null to parameter #1 ($string) of type string is deprecated","File":"\/Users\/pepic__ervin\/Documents\/Development\/Web_dev\/PHP_apps\/WordpressProjects\/opstinaRozaje\/wp-includes\/formatting.php","Line":2827}

Feb 21 2024 15:29:29
{"Number":8192,"Message":"rtrim(): Passing null to parameter #1 ($string) of type string is deprecated","File":"\/Users\/pepic__ervin\/Documents\/Development\/Web_dev\/PHP_apps\/WordpressProjects\/opstinaRozaje\/wp-includes\/formatting.php","Line":2827}

Feb 21 2024 15:29:29
{"Number":8192,"Message":"rtrim(): Passing null to parameter #1 ($string) of type string is deprecated","File":"\/Users\/pepic__ervin\/Documents\/Development\/Web_dev\/PHP_apps\/WordpressProjects\/opstinaRozaje\/wp-includes\/formatting.php","Line":2827}

Feb 21 2024 15:29:29
{"Number":8192,"Message":"rtrim(): Passing null to parameter #1 ($string) of type string is deprecated","File":"\/Users\/pepic__ervin\/Documents\/Development\/Web_dev\/PHP_apps\/WordpressProjects\/opstinaRozaje\/wp-includes\/formatting.php","Line":2827}

Feb 21 2024 15:29:29
{"Number":8192,"Message":"rtrim(): Passing null to parameter #1 ($string) of type string is deprecated","File":"\/Users\/pepic__ervin\/Documents\/Development\/Web_dev\/PHP_apps\/WordpressProjects\/opstinaRozaje\/wp-includes\/formatting.php","Line":2827}

Feb 21 2024 15:29:29
{"Number":8192,"Message":"rtrim(): Passing null to parameter #1 ($string) of type string is deprecated","File":"\/Users\/pepic__ervin\/Documents\/Development\/Web_dev\/PHP_apps\/WordpressProjects\/opstinaRozaje\/wp-includes\/formatting.php","Line":2827}

Feb 21 2024 15:29:29
{"Number":8192,"Message":"rtrim(): Passing null to parameter #1 ($string) of type string is deprecated","File":"\/Users\/pepic__ervin\/Documents\/Development\/Web_dev\/PHP_apps\/WordpressProjects\/opstinaRozaje\/wp-includes\/formatting.php","Line":2827}

Feb 21 2024 15:29:29
{"Number":8192,"Message":"rtrim(): Passing null to parameter #1 ($string) of type string is deprecated","File":"\/Users\/pepic__ervin\/Documents\/Development\/Web_dev\/PHP_apps\/WordpressProjects\/opstinaRozaje\/wp-includes\/formatting.php","Line":2827}

Feb 21 2024 15:29:29
{"Number":8192,"Message":"rtrim(): Passing null to parameter #1 ($string) of type string is deprecated","File":"\/Users\/pepic__ervin\/Documents\/Development\/Web_dev\/PHP_apps\/WordpressProjects\/opstinaRozaje\/wp-includes\/formatting.php","Line":2827}

Feb 21 2024 15:29:29
{"Number":8192,"Message":"rtrim(): Passing null to parameter #1 ($string) of type string is deprecated","File":"\/Users\/pepic__ervin\/Documents\/Development\/Web_dev\/PHP_apps\/WordpressProjects\/opstinaRozaje\/wp-includes\/formatting.php","Line":2827}

Feb 21 2024 15:29:29
{"Number":8192,"Message":"Creation of dynamic property Ai1wm_Database_Mysqli::$old_replace_raw_values is deprecated","File":"\/Users\/pepic__ervin\/Documents\/Development\/Web_dev\/PHP_apps\/WordpressProjects\/opstinaRozaje\/wp-content\/plugins\/all-in-one-wp-migration\/lib\/vendor\/servmask\/database\/class-ai1wm-database.php","Line":300}

Feb 21 2024 15:29:29
{"Number":8192,"Message":"Creation of dynamic property Ai1wm_Database_Mysqli::$new_replace_raw_values is deprecated","File":"\/Users\/pepic__ervin\/Documents\/Development\/Web_dev\/PHP_apps\/WordpressProjects\/opstinaRozaje\/wp-content\/plugins\/all-in-one-wp-migration\/lib\/vendor\/servmask\/database\/class-ai1wm-database.php","Line":321}

Feb 21 2024 15:29:39
{"type":8192,"message":"Return type of Ai1wm_Recursive_Newline_Filter::accept() should either be compatible with FilterIterator::accept(): bool, or the #[\\ReturnTypeWillChange] attribute should be used to temporarily suppress the notice","file":"\/Users\/pepic__ervin\/Documents\/Development\/Web_dev\/PHP_apps\/WordpressProjects\/opstinaRozaje\/wp-content\/plugins\/all-in-one-wp-migration\/lib\/vendor\/servmask\/filter\/class-ai1wm-recursive-newline-filter.php","line":28}

Feb 21 2024 15:29:39
{"Number":8192,"Message":"rtrim(): Passing null to parameter #1 ($string) of type string is deprecated","File":"\/Users\/pepic__ervin\/Documents\/Development\/Web_dev\/PHP_apps\/WordpressProjects\/opstinaRozaje\/wp-includes\/formatting.php","Line":2827}

Feb 21 2024 15:29:39
{"Number":8192,"Message":"rtrim(): Passing null to parameter #1 ($string) of type string is deprecated","File":"\/Users\/pepic__ervin\/Documents\/Development\/Web_dev\/PHP_apps\/WordpressProjects\/opstinaRozaje\/wp-includes\/formatting.php","Line":2827}

Feb 21 2024 15:29:39
{"Number":8192,"Message":"rtrim(): Passing null to parameter #1 ($string) of type string is deprecated","File":"\/Users\/pepic__ervin\/Documents\/Development\/Web_dev\/PHP_apps\/WordpressProjects\/opstinaRozaje\/wp-includes\/formatting.php","Line":2827}

Feb 21 2024 15:29:39
{"Number":8192,"Message":"rtrim(): Passing null to parameter #1 ($string) of type string is deprecated","File":"\/Users\/pepic__ervin\/Documents\/Development\/Web_dev\/PHP_apps\/WordpressProjects\/opstinaRozaje\/wp-includes\/formatting.php","Line":2827}

Feb 21 2024 15:29:39
{"Number":8192,"Message":"rtrim(): Passing null to parameter #1 ($string) of type string is deprecated","File":"\/Users\/pepic__ervin\/Documents\/Development\/Web_dev\/PHP_apps\/WordpressProjects\/opstinaRozaje\/wp-includes\/formatting.php","Line":2827}

Feb 21 2024 15:29:39
{"Number":8192,"Message":"rtrim(): Passing null to parameter #1 ($string) of type string is deprecated","File":"\/Users\/pepic__ervin\/Documents\/Development\/Web_dev\/PHP_apps\/WordpressProjects\/opstinaRozaje\/wp-includes\/formatting.php","Line":2827}

Feb 21 2024 15:29:39
{"Number":8192,"Message":"rtrim(): Passing null to parameter #1 ($string) of type string is deprecated","File":"\/Users\/pepic__ervin\/Documents\/Development\/Web_dev\/PHP_apps\/WordpressProjects\/opstinaRozaje\/wp-includes\/formatting.php","Line":2827}

Feb 21 2024 15:29:39
{"Number":8192,"Message":"rtrim(): Passing null to parameter #1 ($string) of type string is deprecated","File":"\/Users\/pepic__ervin\/Documents\/Development\/Web_dev\/PHP_apps\/WordpressProjects\/opstinaRozaje\/wp-includes\/formatting.php","Line":2827}

Feb 21 2024 15:29:39
{"Number":8192,"Message":"rtrim(): Passing null to parameter #1 ($string) of type string is deprecated","File":"\/Users\/pepic__ervin\/Documents\/Development\/Web_dev\/PHP_apps\/WordpressProjects\/opstinaRozaje\/wp-includes\/formatting.php","Line":2827}

Feb 21 2024 15:29:39
{"Number":8192,"Message":"rtrim(): Passing null to parameter #1 ($string) of type string is deprecated","File":"\/Users\/pepic__ervin\/Documents\/Development\/Web_dev\/PHP_apps\/WordpressProjects\/opstinaRozaje\/wp-includes\/formatting.php","Line":2827}

Feb 21 2024 15:29:39
{"Number":8192,"Message":"rtrim(): Passing null to parameter #1 ($string) of type string is deprecated","File":"\/Users\/pepic__ervin\/Documents\/Development\/Web_dev\/PHP_apps\/WordpressProjects\/opstinaRozaje\/wp-includes\/formatting.php","Line":2827}

Feb 21 2024 15:29:39
{"Number":8192,"Message":"rtrim(): Passing null to parameter #1 ($string) of type string is deprecated","File":"\/Users\/pepic__ervin\/Documents\/Development\/Web_dev\/PHP_apps\/WordpressProjects\/opstinaRozaje\/wp-includes\/formatting.php","Line":2827}

Feb 21 2024 15:29:39
{"Number":8192,"Message":"rtrim(): Passing null to parameter #1 ($string) of type string is deprecated","File":"\/Users\/pepic__ervin\/Documents\/Development\/Web_dev\/PHP_apps\/WordpressProjects\/opstinaRozaje\/wp-includes\/formatting.php","Line":2827}

Feb 21 2024 15:29:39
{"Number":8192,"Message":"rtrim(): Passing null to parameter #1 ($string) of type string is deprecated","File":"\/Users\/pepic__ervin\/Documents\/Development\/Web_dev\/PHP_apps\/WordpressProjects\/opstinaRozaje\/wp-includes\/formatting.php","Line":2827}

Feb 21 2024 15:29:39
{"Number":8192,"Message":"rtrim(): Passing null to parameter #1 ($string) of type string is deprecated","File":"\/Users\/pepic__ervin\/Documents\/Development\/Web_dev\/PHP_apps\/WordpressProjects\/opstinaRozaje\/wp-includes\/formatting.php","Line":2827}

Feb 21 2024 15:29:39
{"Number":8192,"Message":"rtrim(): Passing null to parameter #1 ($string) of type string is deprecated","File":"\/Users\/pepic__ervin\/Documents\/Development\/Web_dev\/PHP_apps\/WordpressProjects\/opstinaRozaje\/wp-includes\/formatting.php","Line":2827}

Feb 21 2024 15:29:39
{"Number":8192,"Message":"rtrim(): Passing null to parameter #1 ($string) of type string is deprecated","File":"\/Users\/pepic__ervin\/Documents\/Development\/Web_dev\/PHP_apps\/WordpressProjects\/opstinaRozaje\/wp-includes\/formatting.php","Line":2827}

Feb 21 2024 15:29:39
{"Number":8192,"Message":"rtrim(): Passing null to parameter #1 ($string) of type string is deprecated","File":"\/Users\/pepic__ervin\/Documents\/Development\/Web_dev\/PHP_apps\/WordpressProjects\/opstinaRozaje\/wp-includes\/formatting.php","Line":2827}

Feb 21 2024 15:29:39
{"Number":8192,"Message":"rtrim(): Passing null to parameter #1 ($string) of type string is deprecated","File":"\/Users\/pepic__ervin\/Documents\/Development\/Web_dev\/PHP_apps\/WordpressProjects\/opstinaRozaje\/wp-includes\/formatting.php","Line":2827}

Feb 21 2024 15:29:39
{"Number":8192,"Message":"rtrim(): Passing null to parameter #1 ($string) of type string is deprecated","File":"\/Users\/pepic__ervin\/Documents\/Development\/Web_dev\/PHP_apps\/WordpressProjects\/opstinaRozaje\/wp-includes\/formatting.php","Line":2827}

Feb 21 2024 15:29:39
{"Number":8192,"Message":"rtrim(): Passing null to parameter #1 ($string) of type string is deprecated","File":"\/Users\/pepic__ervin\/Documents\/Development\/Web_dev\/PHP_apps\/WordpressProjects\/opstinaRozaje\/wp-includes\/formatting.php","Line":2827}

Feb 21 2024 15:29:39
{"Number":8192,"Message":"rtrim(): Passing null to parameter #1 ($string) of type string is deprecated","File":"\/Users\/pepic__ervin\/Documents\/Development\/Web_dev\/PHP_apps\/WordpressProjects\/opstinaRozaje\/wp-includes\/formatting.php","Line":2827}

Feb 21 2024 15:29:39
{"Number":8192,"Message":"rtrim(): Passing null to parameter #1 ($string) of type string is deprecated","File":"\/Users\/pepic__ervin\/Documents\/Development\/Web_dev\/PHP_apps\/WordpressProjects\/opstinaRozaje\/wp-includes\/formatting.php","Line":2827}

Feb 21 2024 15:29:39
{"Number":8192,"Message":"rtrim(): Passing null to parameter #1 ($string) of type string is deprecated","File":"\/Users\/pepic__ervin\/Documents\/Development\/Web_dev\/PHP_apps\/WordpressProjects\/opstinaRozaje\/wp-includes\/formatting.php","Line":2827}

Feb 21 2024 15:29:39
{"Number":8192,"Message":"rtrim(): Passing null to parameter #1 ($string) of type string is deprecated","File":"\/Users\/pepic__ervin\/Documents\/Development\/Web_dev\/PHP_apps\/WordpressProjects\/opstinaRozaje\/wp-includes\/formatting.php","Line":2827}

Feb 21 2024 15:29:39
{"Number":8192,"Message":"rtrim(): Passing null to parameter #1 ($string) of type string is deprecated","File":"\/Users\/pepic__ervin\/Documents\/Development\/Web_dev\/PHP_apps\/WordpressProjects\/opstinaRozaje\/wp-includes\/formatting.php","Line":2827}

Feb 21 2024 15:29:39
{"Number":8192,"Message":"rtrim(): Passing null to parameter #1 ($string) of type string is deprecated","File":"\/Users\/pepic__ervin\/Documents\/Development\/Web_dev\/PHP_apps\/WordpressProjects\/opstinaRozaje\/wp-includes\/formatting.php","Line":2827}

Feb 21 2024 15:29:39
{"Number":8192,"Message":"rtrim(): Passing null to parameter #1 ($string) of type string is deprecated","File":"\/Users\/pepic__ervin\/Documents\/Development\/Web_dev\/PHP_apps\/WordpressProjects\/opstinaRozaje\/wp-includes\/formatting.php","Line":2827}

Feb 21 2024 15:29:39
{"Number":8192,"Message":"rtrim(): Passing null to parameter #1 ($string) of type string is deprecated","File":"\/Users\/pepic__ervin\/Documents\/Development\/Web_dev\/PHP_apps\/WordpressProjects\/opstinaRozaje\/wp-includes\/formatting.php","Line":2827}

Feb 21 2024 15:29:39
{"Number":8192,"Message":"rtrim(): Passing null to parameter #1 ($string) of type string is deprecated","File":"\/Users\/pepic__ervin\/Documents\/Development\/Web_dev\/PHP_apps\/WordpressProjects\/opstinaRozaje\/wp-includes\/formatting.php","Line":2827}

Feb 21 2024 15:29:39
{"Number":8192,"Message":"rtrim(): Passing null to parameter #1 ($string) of type string is deprecated","File":"\/Users\/pepic__ervin\/Documents\/Development\/Web_dev\/PHP_apps\/WordpressProjects\/opstinaRozaje\/wp-includes\/formatting.php","Line":2827}

Feb 21 2024 15:29:39
{"Number":8192,"Message":"rtrim(): Passing null to parameter #1 ($string) of type string is deprecated","File":"\/Users\/pepic__ervin\/Documents\/Development\/Web_dev\/PHP_apps\/WordpressProjects\/opstinaRozaje\/wp-includes\/formatting.php","Line":2827}

Feb 21 2024 15:29:39
{"Number":8192,"Message":"rtrim(): Passing null to parameter #1 ($string) of type string is deprecated","File":"\/Users\/pepic__ervin\/Documents\/Development\/Web_dev\/PHP_apps\/WordpressProjects\/opstinaRozaje\/wp-includes\/formatting.php","Line":2827}

Feb 21 2024 15:29:39
{"Number":8192,"Message":"rtrim(): Passing null to parameter #1 ($string) of type string is deprecated","File":"\/Users\/pepic__ervin\/Documents\/Development\/Web_dev\/PHP_apps\/WordpressProjects\/opstinaRozaje\/wp-includes\/formatting.php","Line":2827}

Feb 21 2024 15:29:39
{"Number":8192,"Message":"rtrim(): Passing null to parameter #1 ($string) of type string is deprecated","File":"\/Users\/pepic__ervin\/Documents\/Development\/Web_dev\/PHP_apps\/WordpressProjects\/opstinaRozaje\/wp-includes\/formatting.php","Line":2827}

Feb 21 2024 15:29:39
{"Number":8192,"Message":"rtrim(): Passing null to parameter #1 ($string) of type string is deprecated","File":"\/Users\/pepic__ervin\/Documents\/Development\/Web_dev\/PHP_apps\/WordpressProjects\/opstinaRozaje\/wp-includes\/formatting.php","Line":2827}

Feb 21 2024 15:29:39
{"Number":8192,"Message":"Creation of dynamic property Ai1wm_Database_Mysqli::$old_replace_raw_values is deprecated","File":"\/Users\/pepic__ervin\/Documents\/Development\/Web_dev\/PHP_apps\/WordpressProjects\/opstinaRozaje\/wp-content\/plugins\/all-in-one-wp-migration\/lib\/vendor\/servmask\/database\/class-ai1wm-database.php","Line":300}

Feb 21 2024 15:29:39
{"Number":8192,"Message":"Creation of dynamic property Ai1wm_Database_Mysqli::$new_replace_raw_values is deprecated","File":"\/Users\/pepic__ervin\/Documents\/Development\/Web_dev\/PHP_apps\/WordpressProjects\/opstinaRozaje\/wp-content\/plugins\/all-in-one-wp-migration\/lib\/vendor\/servmask\/database\/class-ai1wm-database.php","Line":321}

Feb 21 2024 15:29:43
{"type":8192,"message":"Return type of Ai1wm_Recursive_Newline_Filter::accept() should either be compatible with FilterIterator::accept(): bool, or the #[\\ReturnTypeWillChange] attribute should be used to temporarily suppress the notice","file":"\/Users\/pepic__ervin\/Documents\/Development\/Web_dev\/PHP_apps\/WordpressProjects\/opstinaRozaje\/wp-content\/plugins\/all-in-one-wp-migration\/lib\/vendor\/servmask\/filter\/class-ai1wm-recursive-newline-filter.php","line":28}

Feb 21 2024 15:29:43
{"type":8192,"message":"Return type of Ai1wm_Recursive_Newline_Filter::accept() should either be compatible with FilterIterator::accept(): bool, or the #[\\ReturnTypeWillChange] attribute should be used to temporarily suppress the notice","file":"\/Users\/pepic__ervin\/Documents\/Development\/Web_dev\/PHP_apps\/WordpressProjects\/opstinaRozaje\/wp-content\/plugins\/all-in-one-wp-migration\/lib\/vendor\/servmask\/filter\/class-ai1wm-recursive-newline-filter.php","line":28}

Feb 21 2024 15:29:44
{"type":8192,"message":"Calling get_class() without arguments is deprecated","file":"\/Users\/pepic__ervin\/Documents\/Development\/Web_dev\/PHP_apps\/WordpressProjects\/opstinaRozaje\/wp-includes\/class-wp-http.php","line":329}

